Arguments: 
  /home/adamk/.nvm/versions/node/v20.2.0/bin/node /usr/local/bin/yarn add @types/mui__material

PATH: 
  /home/adamk/.local/bin:/home/adamk/.cursor-server/bin/0.27.4-590c39f7a32f1f9458a65a5f9624f1f854c80ca0/bin/remote-cli:/home/adamk/.local/bin:/home/adamk/google-cloud-sdk/bin:/home/adamk/anaconda3/condabin:/home/adamk/.nvm/versions/node/v20.2.0/bin:/usr/local/sbin:/usr/local/bin:/usr/sbin:/usr/bin:/sbin:/bin:/usr/games:/usr/local/games:/snap/bin

Yarn version: 
  1.22.19

Node version: 
  20.2.0

Platform: 
  linux x64

Trace: 
  Error: https://registry.yarnpkg.com/@types%2fmui__material: Not found
      at params.callback [as _callback] (/usr/local/lib/node_modules/yarn/lib/cli.js:66145:18)
      at self.callback (/usr/local/lib/node_modules/yarn/lib/cli.js:140890:22)
      at Request.emit (node:events:511:28)
      at Request.<anonymous> (/usr/local/lib/node_modules/yarn/lib/cli.js:141862:10)
      at Request.emit (node:events:511:28)
      at IncomingMessage.<anonymous> (/usr/local/lib/node_modules/yarn/lib/cli.js:141784:12)
      at Object.onceWrapper (node:events:625:28)
      at IncomingMessage.emit (node:events:523:35)
      at endReadableNT (node:internal/streams/readable:1367:12)
      at process.processTicksAndRejections (node:internal/process/task_queues:82:21)

npm manifest: 
  {
    "dependencies": {
      "@mui/material": "^5.15.10"
    }
  }

yarn manifest: 
  No manifest

Lockfile: 
  # THIS IS AN AUTOGENERATED FILE. DO NOT EDIT THIS FILE DIRECTLY.
  # yarn lockfile v1
  
  
  "@babel/runtime@^7.23.9", "@babel/runtime@^7.5.5", "@babel/runtime@^7.8.7":
    version "7.23.9"
    resolved "https://registry.yarnpkg.com/@babel/runtime/-/runtime-7.23.9.tgz#47791a15e4603bb5f905bc0753801cf21d6345f7"
    integrity sha512-0CX6F+BI2s9dkUqr08KFrAIZgNFj75rdBU/DjCyYLIaV/quFjkk6T+EJ2LkZHyZTbEV4L5p97mNkUsHl2wLFAw==
    dependencies:
      regenerator-runtime "^0.14.0"
  
  "@emotion/cache@^11.11.0":
    version "11.11.0"
    resolved "https://registry.yarnpkg.com/@emotion/cache/-/cache-11.11.0.tgz#809b33ee6b1cb1a625fef7a45bc568ccd9b8f3ff"
    integrity sha512-P34z9ssTCBi3e9EI1ZsWpNHcfY1r09ZO0rZbRO2ob3ZQMnFI35jB536qoXbkdesr5EUhYi22anuEJuyxifaqAQ==
    dependencies:
      "@emotion/memoize" "^0.8.1"
      "@emotion/sheet" "^1.2.2"
      "@emotion/utils" "^1.2.1"
      "@emotion/weak-memoize" "^0.3.1"
      stylis "4.2.0"
  
  "@emotion/memoize@^0.8.1":
    version "0.8.1"
    resolved "https://registry.yarnpkg.com/@emotion/memoize/-/memoize-0.8.1.tgz#c1ddb040429c6d21d38cc945fe75c818cfb68e17"
    integrity sha512-W2P2c/VRW1/1tLox0mVUalvnWXxavmv/Oum2aPsRcoDJuob75FC3Y8FbpfLwUegRcxINtGUMPq0tFCvYNTBXNA==
  
  "@emotion/sheet@^1.2.2":
    version "1.2.2"
    resolved "https://registry.yarnpkg.com/@emotion/sheet/-/sheet-1.2.2.tgz#d58e788ee27267a14342303e1abb3d508b6d0fec"
    integrity sha512-0QBtGvaqtWi+nx6doRwDdBIzhNdZrXUppvTM4dtZZWEGTXL/XE/yJxLMGlDT1Gt+UHH5IX1n+jkXyytE/av7OA==
  
  "@emotion/utils@^1.2.1":
    version "1.2.1"
    resolved "https://registry.yarnpkg.com/@emotion/utils/-/utils-1.2.1.tgz#bbab58465738d31ae4cb3dbb6fc00a5991f755e4"
    integrity sha512-Y2tGf3I+XVnajdItskUCn6LX+VUDmP6lTL4fcqsXAv43dnlbZiuW4MWQW38rW/BVWSE7Q/7+XQocmpnRYILUmg==
  
  "@emotion/weak-memoize@^0.3.1":
    version "0.3.1"
    resolved "https://registry.yarnpkg.com/@emotion/weak-memoize/-/weak-memoize-0.3.1.tgz#d0fce5d07b0620caa282b5131c297bb60f9d87e6"
    integrity sha512-EsBwpc7hBUJWAsNPBmJy4hxWx12v6bshQsldrVmjxJoc3isbxhOrF2IcCpaXxfvq03NwkI7sbsOLXbYuqF/8Ww==
  
  "@floating-ui/core@^1.0.0":
    version "1.6.0"
    resolved "https://registry.yarnpkg.com/@floating-ui/core/-/core-1.6.0.tgz#fa41b87812a16bf123122bf945946bae3fdf7fc1"
    integrity sha512-PcF++MykgmTj3CIyOQbKA/hDzOAiqI3mhuoN44WRCopIs1sgoDoU4oty4Jtqaj/y3oDU6fnVSm4QG0a3t5i0+g==
    dependencies:
      "@floating-ui/utils" "^0.2.1"
  
  "@floating-ui/dom@^1.6.1":
    version "1.6.3"
    resolved "https://registry.yarnpkg.com/@floating-ui/dom/-/dom-1.6.3.tgz#954e46c1dd3ad48e49db9ada7218b0985cee75ef"
    integrity sha512-RnDthu3mzPlQ31Ss/BTwQ1zjzIhr3lk1gZB1OC56h/1vEtaXkESrOqL5fQVMfXpwGtRwX+YsZBdyHtJMQnkArw==
    dependencies:
      "@floating-ui/core" "^1.0.0"
      "@floating-ui/utils" "^0.2.0"
  
  "@floating-ui/react-dom@^2.0.8":
    version "2.0.8"
    resolved "https://registry.yarnpkg.com/@floating-ui/react-dom/-/react-dom-2.0.8.tgz#afc24f9756d1b433e1fe0d047c24bd4d9cefaa5d"
    integrity sha512-HOdqOt3R3OGeTKidaLvJKcgg75S6tibQ3Tif4eyd91QnIJWr0NLvoXFpJA/j8HqkFSL68GDca9AuyWEHlhyClw==
    dependencies:
      "@floating-ui/dom" "^1.6.1"
  
  "@floating-ui/utils@^0.2.0", "@floating-ui/utils@^0.2.1":
    version "0.2.1"
    resolved "https://registry.yarnpkg.com/@floating-ui/utils/-/utils-0.2.1.tgz#16308cea045f0fc777b6ff20a9f25474dd8293d2"
    integrity sha512-9TANp6GPoMtYzQdt54kfAyMmz1+osLlXdg2ENroU7zzrtflTLrrC/lgrIfaSe+Wu0b89GKccT7vxXA0MoAIO+Q==
  
  "@mui/base@5.0.0-beta.36":
    version "5.0.0-beta.36"
    resolved "https://registry.yarnpkg.com/@mui/base/-/base-5.0.0-beta.36.tgz#29ca2de9d387f6d3943b6f18a84415c43e5f206c"
    integrity sha512-6A8fYiXgjqTO6pgj31Hc8wm1M3rFYCxDRh09dBVk0L0W4cb2lnurRJa3cAyic6hHY+we1S58OdGYRbKmOsDpGQ==
    dependencies:
      "@babel/runtime" "^7.23.9"
      "@floating-ui/react-dom" "^2.0.8"
      "@mui/types" "^7.2.13"
      "@mui/utils" "^5.15.9"
      "@popperjs/core" "^2.11.8"
      clsx "^2.1.0"
      prop-types "^15.8.1"
  
  "@mui/core-downloads-tracker@^5.15.10":
    version "5.15.11"
    resolved "https://registry.yarnpkg.com/@mui/core-downloads-tracker/-/core-downloads-tracker-5.15.11.tgz#dcaf6156880e81e4547237fb781700485453e964"
    integrity sha512-JVrJ9Jo4gyU707ujnRzmE8ABBWpXd6FwL9GYULmwZRtfPg89ggXs/S3MStQkpJ1JRWfdLL6S5syXmgQGq5EDAw==
  
  "@mui/material@^5.15.10":
    version "5.15.10"
    resolved "https://registry.yarnpkg.com/@mui/material/-/material-5.15.10.tgz#6533ba53edbd0790dbc5bb7e9e173f6069ffd7e6"
    integrity sha512-YJJGHjwDOucecjDEV5l9ISTCo+l9YeWrho623UajzoHRYxuKUmwrGVYOW4PKwGvCx9SU9oklZnbbi2Clc5XZHw==
    dependencies:
      "@babel/runtime" "^7.23.9"
      "@mui/base" "5.0.0-beta.36"
      "@mui/core-downloads-tracker" "^5.15.10"
      "@mui/system" "^5.15.9"
      "@mui/types" "^7.2.13"
      "@mui/utils" "^5.15.9"
      "@types/react-transition-group" "^4.4.10"
      clsx "^2.1.0"
      csstype "^3.1.3"
      prop-types "^15.8.1"
      react-is "^18.2.0"
      react-transition-group "^4.4.5"
  
  "@mui/private-theming@^5.15.9":
    version "5.15.11"
    resolved "https://registry.yarnpkg.com/@mui/private-theming/-/private-theming-5.15.11.tgz#4b9289b56b1ae0beb84e47bc9952f927b6e175ae"
    integrity sha512-jY/696SnSxSzO1u86Thym7ky5T9CgfidU3NFJjguldqK4f3Z5S97amZ6nffg8gTD0HBjY9scB+4ekqDEUmxZOA==
    dependencies:
      "@babel/runtime" "^7.23.9"
      "@mui/utils" "^5.15.11"
      prop-types "^15.8.1"
  
  "@mui/styled-engine@^5.15.9":
    version "5.15.11"
    resolved "https://registry.yarnpkg.com/@mui/styled-engine/-/styled-engine-5.15.11.tgz#040181f31910e0f66d43a5c44fe89da06b34212b"
    integrity sha512-So21AhAngqo07ces4S/JpX5UaMU2RHXpEA6hNzI6IQjd/1usMPxpgK8wkGgTe3JKmC2KDmH8cvoycq5H3Ii7/w==
    dependencies:
      "@babel/runtime" "^7.23.9"
      "@emotion/cache" "^11.11.0"
      csstype "^3.1.3"
      prop-types "^15.8.1"
  
  "@mui/system@^5.15.9":
    version "5.15.9"
    resolved "https://registry.yarnpkg.com/@mui/system/-/system-5.15.9.tgz#8a34ac0ab133af2550cc7ab980a35174142fd265"
    integrity sha512-SxkaaZ8jsnIJ77bBXttfG//LUf6nTfOcaOuIgItqfHv60ZCQy/Hu7moaob35kBb+guxVJnoSZ+7vQJrA/E7pKg==
    dependencies:
      "@babel/runtime" "^7.23.9"
      "@mui/private-theming" "^5.15.9"
      "@mui/styled-engine" "^5.15.9"
      "@mui/types" "^7.2.13"
      "@mui/utils" "^5.15.9"
      clsx "^2.1.0"
      csstype "^3.1.3"
      prop-types "^15.8.1"
  
  "@mui/types@^7.2.13":
    version "7.2.13"
    resolved "https://registry.yarnpkg.com/@mui/types/-/types-7.2.13.tgz#d1584912942f9dc042441ecc2d1452be39c666b8"
    integrity sha512-qP9OgacN62s+l8rdDhSFRe05HWtLLJ5TGclC9I1+tQngbssu0m2dmFZs+Px53AcOs9fD7TbYd4gc9AXzVqO/+g==
  
  "@mui/utils@^5.15.11", "@mui/utils@^5.15.9":
    version "5.15.11"
    resolved "https://registry.yarnpkg.com/@mui/utils/-/utils-5.15.11.tgz#a71804d6d6025783478fd1aca9afbf83d9b789c7"
    integrity sha512-D6bwqprUa9Stf8ft0dcMqWyWDKEo7D+6pB1k8WajbqlYIRA8J8Kw9Ra7PSZKKePGBGWO+/xxrX1U8HpG/aXQCw==
    dependencies:
      "@babel/runtime" "^7.23.9"
      "@types/prop-types" "^15.7.11"
      prop-types "^15.8.1"
      react-is "^18.2.0"
  
  "@popperjs/core@^2.11.8":
    version "2.11.8"
    resolved "https://registry.yarnpkg.com/@popperjs/core/-/core-2.11.8.tgz#6b79032e760a0899cd4204710beede972a3a185f"
    integrity sha512-P1st0aksCrn9sGZhp8GMYwBnQsbvAWsZAX44oXNNvLHGqAOcoVxmjZiohstwQ7SqKnbR47akdNi+uleWD8+g6A==
  
  "@types/prop-types@*", "@types/prop-types@^15.7.11":
    version "15.7.11"
    resolved "https://registry.yarnpkg.com/@types/prop-types/-/prop-types-15.7.11.tgz#2596fb352ee96a1379c657734d4b913a613ad563"
    integrity sha512-ga8y9v9uyeiLdpKddhxYQkxNDrfvuPrlFb0N1qnZZByvcElJaXthF1UhvCh9TLWJBEHeNtdnbysW7Y6Uq8CVng==
  
  "@types/react-transition-group@^4.4.10":
    version "4.4.10"
    resolved "https://registry.yarnpkg.com/@types/react-transition-group/-/react-transition-group-4.4.10.tgz#6ee71127bdab1f18f11ad8fb3322c6da27c327ac"
    integrity sha512-hT/+s0VQs2ojCX823m60m5f0sL5idt9SO6Tj6Dg+rdphGPIeJbJ6CxvBYkgkGKrYeDjvIpKTR38UzmtHJOGW3Q==
    dependencies:
      "@types/react" "*"
  
  "@types/react@*":
    version "18.2.58"
    resolved "https://registry.yarnpkg.com/@types/react/-/react-18.2.58.tgz#22082d12898d11806f4a1aefb5583116a047493d"
    integrity sha512-TaGvMNhxvG2Q0K0aYxiKfNDS5m5ZsoIBBbtfUorxdH4NGSXIlYvZxLJI+9Dd3KjeB3780bciLyAb7ylO8pLhPw==
    dependencies:
      "@types/prop-types" "*"
      "@types/scheduler" "*"
      csstype "^3.0.2"
  
  "@types/scheduler@*":
    version "0.16.8"
    resolved "https://registry.yarnpkg.com/@types/scheduler/-/scheduler-0.16.8.tgz#ce5ace04cfeabe7ef87c0091e50752e36707deff"
    integrity sha512-WZLiwShhwLRmeV6zH+GkbOFT6Z6VklCItrDioxUnv+u4Ll+8vKeFySoFyK/0ctcRpOmwAicELfmys1sDc/Rw+A==
  
  clsx@^2.1.0:
    version "2.1.0"
    resolved "https://registry.yarnpkg.com/clsx/-/clsx-2.1.0.tgz#e851283bcb5c80ee7608db18487433f7b23f77cb"
    integrity sha512-m3iNNWpd9rl3jvvcBnu70ylMdrXt8Vlq4HYadnU5fwcOtvkSQWPmj7amUcDT2qYI7risszBjI5AUIUox9D16pg==
  
  csstype@^3.0.2, csstype@^3.1.3:
    version "3.1.3"
    resolved "https://registry.yarnpkg.com/csstype/-/csstype-3.1.3.tgz#d80ff294d114fb0e6ac500fbf85b60137d7eff81"
    integrity sha512-M1uQkMl8rQK/szD0LNhtqxIPLpimGm8sOBwU7lLnCpSbTyY3yeU1Vc7l4KT5zT4s/yOxHH5O7tIuuLOCnLADRw==
  
  dom-helpers@^5.0.1:
    version "5.2.1"
    resolved "https://registry.yarnpkg.com/dom-helpers/-/dom-helpers-5.2.1.tgz#d9400536b2bf8225ad98fe052e029451ac40e902"
    integrity sha512-nRCa7CK3VTrM2NmGkIy4cbK7IZlgBE/PYMn55rrXefr5xXDP0LdtfPnblFDoVdcAfslJ7or6iqAUnx0CCGIWQA==
    dependencies:
      "@babel/runtime" "^7.8.7"
      csstype "^3.0.2"
  
  "js-tokens@^3.0.0 || ^4.0.0":
    version "4.0.0"
    resolved "https://registry.yarnpkg.com/js-tokens/-/js-tokens-4.0.0.tgz#19203fb59991df98e3a287050d4647cdeaf32499"
    integrity sha512-RdJUflcE3cUzKiMqQgsCu06FPu9UdIJO0beYbPhHN4k6apgJtifcoCtT9bcxOpYBtpD2kCM6Sbzg4CausW/PKQ==
  
  loose-envify@^1.4.0:
    version "1.4.0"
    resolved "https://registry.yarnpkg.com/loose-envify/-/loose-envify-1.4.0.tgz#71ee51fa7be4caec1a63839f7e682d8132d30caf"
    integrity sha512-lyuxPGr/Wfhrlem2CL/UcnUc1zcqKAImBDzukY7Y5F/yQiNdko6+fRLevlw1HgMySw7f611UIY408EtxRSoK3Q==
    dependencies:
      js-tokens "^3.0.0 || ^4.0.0"
  
  object-assign@^4.1.1:
    version "4.1.1"
    resolved "https://registry.yarnpkg.com/object-assign/-/object-assign-4.1.1.tgz#2109adc7965887cfc05cbbd442cac8bfbb360863"
    integrity sha512-rJgTQnkUnH1sFw8yT6VSU3zD3sWmu6sZhIseY8VX+GRu3P6F7Fu+JNDoXfklElbLJSnc3FUQHVe4cU5hj+BcUg==
  
  prop-types@^15.6.2, prop-types@^15.8.1:
    version "15.8.1"
    resolved "https://registry.yarnpkg.com/prop-types/-/prop-types-15.8.1.tgz#67d87bf1a694f48435cf332c24af10214a3140b5"
    integrity sha512-oj87CgZICdulUohogVAR7AjlC0327U4el4L6eAvOqCeudMDVU0NThNaV+b9Df4dXgSP1gXMTnPdhfe/2qDH5cg==
    dependencies:
      loose-envify "^1.4.0"
      object-assign "^4.1.1"
      react-is "^16.13.1"
  
  react-is@^16.13.1:
    version "16.13.1"
    resolved "https://registry.yarnpkg.com/react-is/-/react-is-16.13.1.tgz#789729a4dc36de2999dc156dd6c1d9c18cea56a4"
    integrity sha512-24e6ynE2H+OKt4kqsOvNd8kBpV65zoxbA4BVsEOB3ARVWQki/DHzaUoC5KuON/BiccDaCCTZBuOcfZs70kR8bQ==
  
  react-is@^18.2.0:
    version "18.2.0"
    resolved "https://registry.yarnpkg.com/react-is/-/react-is-18.2.0.tgz#199431eeaaa2e09f86427efbb4f1473edb47609b"
    integrity sha512-xWGDIW6x921xtzPkhiULtthJHoJvBbF3q26fzloPCK0hsvxtPVelvftw3zjbHWSkR2km9Z+4uxbDDK/6Zw9B8w==
  
  react-transition-group@^4.4.5:
    version "4.4.5"
    resolved "https://registry.yarnpkg.com/react-transition-group/-/react-transition-group-4.4.5.tgz#e53d4e3f3344da8521489fbef8f2581d42becdd1"
    integrity sha512-pZcd1MCJoiKiBR2NRxeCRg13uCXbydPnmB4EOeRrY7480qNWO8IIgQG6zlDkm6uRMsURXPuKq0GWtiM59a5Q6g==
    dependencies:
      "@babel/runtime" "^7.5.5"
      dom-helpers "^5.0.1"
      loose-envify "^1.4.0"
      prop-types "^15.6.2"
  
  regenerator-runtime@^0.14.0:
    version "0.14.1"
    resolved "https://registry.yarnpkg.com/regenerator-runtime/-/regenerator-runtime-0.14.1.tgz#356ade10263f685dda125100cd862c1db895327f"
    integrity sha512-dYnhHh0nJoMfnkZs6GmmhFknAGRrLznOu5nc9ML+EJxGvrx6H7teuevqVqCuPcPK//3eDrrjQhehXVx9cnkGdw==
  
  stylis@4.2.0:
    version "4.2.0"
    resolved "https://registry.yarnpkg.com/stylis/-/stylis-4.2.0.tgz#79daee0208964c8fe695a42fcffcac633a211a51"
    integrity sha512-Orov6g6BB1sDfYgzWfTHDOxamtX1bE/zo104Dh9e6fqJ3PooipYyfJ0pUmrZO2wAvO8YbEyeFrkV91XTsGMSrw==
